-------------------------------------------------------------------------------
Test set: LoginCourierTest
-------------------------------------------------------------------------------
Tests run: 6, Failures: 1, Errors: 0, Skipped: 0, Time elapsed: 65.191 s <<< FAILURE! - in LoginCourierTest
tryAuthCourierWithoutPasswordReturnBadRequest(LoginCourierTest)  Time elapsed: 60.348 s  <<< FAILURE!
java.lang.AssertionError: 
1 expectation failed.
Expected status code <400> but was <504>.

	at LoginCourierTest.tryAuthCourierWithoutPasswordReturnBadRequest(LoginCourierTest.java:48)

