<?xml version="1.0" encoding="UTF-8"?>
<testsuite xmlns:xsi="http://www.w3.org/2001/XMLSchema-instance" xsi:noNamespaceSchemaLocation="https://maven.apache.org/surefire/maven-surefire-plugin/xsd/surefire-test-report.xsd" name="TestSuite" time="90.154" tests="18" errors="0" skipped="0" failures="2">
  <properties>
[...]
</properties>
  <testcase name="tryCreateDuplicateLoginCourierThenConflict on tryCreateDuplicateLoginCourierThenConflict(CreateNewCourierTest)" classname="CreateNewCourierTest" time="9.524"/>
  <testcase name="tryCreateDuplicateCourierThenConflict on tryCreateDuplicateCourierThenConflict(CreateNewCourierTest)" classname="CreateNewCourierTest" time="1.244"/>
  <testcase name="createCourierWithoutFirstNamePositiveTest on createCourierWithoutFirstNamePositiveTest(CreateNewCourierTest)" classname="CreateNewCourierTest" time="0.993"/>
  <testcase name="createCourierPositiveTest on createCourierPositiveTest(CreateNewCourierTest)" classname="CreateNewCourierTest" time="0.874"/>
  <testcase name="tryCreateCourierWithoutLoginReturnBadRequest on tryCreateCourierWithoutLoginReturnBadRequest(CreateNewCourierTest)" classname="CreateNewCourierTest" time="0.282"/>
  <testcase name="tryCreateCourierWithoutPasswordReturnBadRequest on tryCreateCourierWithoutPasswordReturnBadRequest(CreateNewCourierTest)" classname="CreateNewCourierTest" time="0.308"/>
  <testcase name="tryAuthCourierWithoutLoginReturnBadRequest on tryAuthCourierWithoutLoginReturnBadRequest(LoginCourierTest)" classname="LoginCourierTest" time="0.305"/>
  <testcase name="tryAuthCourierIncorrectLoginThenNotFound on tryAuthCourierIncorrectLoginThenNotFound(LoginCourierTest)" classname="LoginCourierTest" time="1.112"/>
  <testcase name="tryAuthCourierWithoutPasswordReturnBadRequest on tryAuthCourierWithoutPasswordReturnBadRequest(LoginCourierTest)" classname="LoginCourierTest" time="60.393">
    <failure message="1 expectation failed.&#10;Expected status code &lt;400&gt; but was &lt;504&gt;.&#10;" type="java.lang.AssertionError"><![CDATA[java.lang.AssertionError: 
1 expectation failed.
Expected status code <400> but was <504>.

	at LoginCourierTest.tryAuthCourierWithoutPasswordReturnBadRequest(LoginCourierTest.java:44)
]]></failure>
  </testcase>
  <testcase name="authCourierPositiveTest on authCourierPositiveTest(LoginCourierTest)" classname="LoginCourierTest" time="1.302"/>
  <testcase name="tryAuthNonexistentCourierThenNotFound on tryAuthNonexistentCourierThenNotFound(LoginCourierTest)" classname="LoginCourierTest" time="1.203"/>
  <testcase name="tryAuthCourierIncorrectPasswordThenNotFound on tryAuthCourierIncorrectPasswordThenNotFound(LoginCourierTest)" classname="LoginCourierTest" time="1.166"/>
  <testcase name="getOrderListForCreatedCourierNotNull on getOrderListForCreatedCourierNotNull(OrderListTest)" classname="OrderListTest" time="3.137">
    <failure message="1 expectation failed.&#10;Expected status code &lt;200&gt; but was &lt;404&gt;.&#10;" type="java.lang.AssertionError"><![CDATA[java.lang.AssertionError: 
1 expectation failed.
Expected status code <200> but was <404>.

	at OrderListTest.getOrdersCount(OrderListTest.java:87)
	at OrderListTest.getOrderListForCreatedCourierNotNull(OrderListTest.java:50)
]]></failure>
  </testcase>
  <testcase name="getTotalOrderListNotNull on getTotalOrderListNotNull(OrderListTest)" classname="OrderListTest" time="3.76"/>
  <testcase name="placeOrderDifferentColorsPositiveTest[0] on placeOrderDifferentColorsPositiveTest[0](OrderParamTest)" classname="OrderParamTest" time="0.645"/>
  <testcase name="placeOrderDifferentColorsPositiveTest[1] on placeOrderDifferentColorsPositiveTest[1](OrderParamTest)" classname="OrderParamTest" time="0.632"/>
  <testcase name="placeOrderDifferentColorsPositiveTest[2] on placeOrderDifferentColorsPositiveTest[2](OrderParamTest)" classname="OrderParamTest" time="0.656"/>
  <testcase name="placeOrderDifferentColorsPositiveTest[3] on placeOrderDifferentColorsPositiveTest[3](OrderParamTest)" classname="OrderParamTest" time="0.653"/>
</testsuite>